<?xml version="1.0" encoding="UTF-8"?>
<!-- Generated by org.testng.reporters.JUnitReportReporter -->
<testsuite hostname="LAPTOP-4I6B2UVN" failures="0" tests="1" name="Amazon_Tests" time="11.260" errors="0" timestamp="2022-10-23T19:16:58 BOT" skipped="0">
  <testcase classname="Amazon_Tests" name="Tes01" time="11.260"/>
  <system-out>
    <![CDATA[Validating next element is present Open Menu
Clicking Open Menu
Validating next element is present TV, Appliances, Electronics
Clicking TV, Appliances, Electronics
Validating next element is present Televisions
Clicking Televisions
Validating next element is present 
Clicking 
Validating next element is present Sort by:
Clicking Price: High to Low
Validating next element is present Sort by:
Clicking 
Validating next element is present 
Scroll to element 
Validating next element is present ]]>
  </system-out>
</testsuite> <!-- Amazon_Tests -->
